app/build/intermediates/manifest_merge_blame_file/debug/manifest-merger-blame-debug-report.txt
1<?xml version="1.0" encoding="utf-8"?>
2<manifest xmlns:android="http://schemas.android.com/apk/res/android"
3    package="com.example.book_management"
4    android:versionCode="1"
5    android:versionName="1.0" >
6
7    <uses-sdk
8        android:minSdkVersion="16"
8-->src/main/AndroidManifest.xml
9        android:targetSdkVersion="29" />
9-->src/main/AndroidManifest.xml
10
11    <application
11-->src/main/AndroidManifest.xml:5:5-34:19
12        android:allowBackup="true"
12-->src/main/AndroidManifest.xml:6:9-35
13        android:appComponentFactory="androidx.core.app.CoreComponentFactory"
13-->[androidx.core:core:1.3.1] AndroidManifest.xml:24:18-86
14        android:debuggable="true"
15        android:icon="@mipmap/app_icon"
15-->src/main/AndroidManifest.xml:7:9-40
16        android:label="@string/app_name"
16-->src/main/AndroidManifest.xml:8:9-41
17        android:roundIcon="@mipmap/app_icon"
17-->src/main/AndroidManifest.xml:9:9-45
18        android:supportsRtl="true"
18-->src/main/AndroidManifest.xml:10:9-35
19        android:testOnly="true"
20        android:theme="@style/AppTheme" >
20-->src/main/AndroidManifest.xml:11:9-40
21        <activity android:name="com.example.books_management.activity.MainActivity" />
21-->src/main/AndroidManifest.xml:14:9-59
21-->src/main/AndroidManifest.xml:14:19-56
22        <activity android:name="com.example.books_management.activity.ViewBookActivity" />
22-->src/main/AndroidManifest.xml:15:9-63
22-->src/main/AndroidManifest.xml:15:19-60
23        <activity android:name="com.example.books_management.activity.UpdateMyInfoActivity" />
23-->src/main/AndroidManifest.xml:16:9-67
23-->src/main/AndroidManifest.xml:16:19-64
24        <activity android:name="com.example.books_management.activity.BookActivity" />
24-->src/main/AndroidManifest.xml:17:9-59
24-->src/main/AndroidManifest.xml:17:19-56
25        <activity android:name="com.example.books_management.activity.UserActivity" />
25-->src/main/AndroidManifest.xml:18:9-59
25-->src/main/AndroidManifest.xml:18:19-56
26        <activity android:name="com.example.books_management.activity.MarkActivity" />
26-->src/main/AndroidManifest.xml:19:9-59
26-->src/main/AndroidManifest.xml:19:19-56
27        <activity android:name="com.example.books_management.activity.RegisterActivity" />
27-->src/main/AndroidManifest.xml:20:9-63
27-->src/main/AndroidManifest.xml:20:19-60
28        <activity android:name="com.example.books_management.activity.ShowUserActivity" />
28-->src/main/AndroidManifest.xml:21:9-63
28-->src/main/AndroidManifest.xml:21:19-60
29        <activity android:name="com.example.books_management.activity.UpdateUserActivity" />
29-->src/main/AndroidManifest.xml:22:9-65
29-->src/main/AndroidManifest.xml:22:19-62
30        <activity android:name="com.example.books_management.activity.StoreBookActivity" />
30-->src/main/AndroidManifest.xml:23:9-64
30-->src/main/AndroidManifest.xml:23:19-61
31        <activity android:name="com.example.books_management.activity.ShowBookActivity" />
31-->src/main/AndroidManifest.xml:24:9-63
31-->src/main/AndroidManifest.xml:24:19-60
32        <activity android:name="com.example.books_management.activity.UpdateBookActivity" />
32-->src/main/AndroidManifest.xml:25:9-65
32-->src/main/AndroidManifest.xml:25:19-62
33"
34        <activity android:name="com.example.books_management.activity.SearchActivity" />
34-->src/main/AndroidManifest.xml:26:9-61
34-->src/main/AndroidManifest.xml:26:19-58
35        <activity android:name="com.example.books_management.activity.LoginActivity" >
35-->src/main/AndroidManifest.xml:27:9-33:20
35-->src/main/AndroidManifest.xml:27:19-57
36            <intent-filter>
36-->src/main/AndroidManifest.xml:28:13-32:29
37                <action android:name="android.intent.action.MAIN" />
37-->src/main/AndroidManifest.xml:29:17-69
37-->src/main/AndroidManifest.xml:29:25-66
38
39                <category android:name="android.intent.category.LAUNCHER" />
39-->src/main/AndroidManifest.xml:31:17-77
39-->src/main/AndroidManifest.xml:31:27-74
40            </intent-filter>
41        </activity>
42
43        <provider
43-->[androidx.lifecycle:lifecycle-process:2.1.0] AndroidManifest.xml:23:9-27:43
44            android:name="androidx.lifecycle.ProcessLifecycleOwnerInitializer"
44-->[androidx.lifecycle:lifecycle-process:2.1.0] AndroidManifest.xml:24:13-79
45            android:authorities="com.example.book_management.lifecycle-process"
45-->[androidx.lifecycle:lifecycle-process:2.1.0] AndroidManifest.xml:25:13-69
46            android:exported="false"
46-->[androidx.lifecycle:lifecycle-process:2.1.0] AndroidManifest.xml:26:13-37
47            android:multiprocess="true" />
47-->[androidx.lifecycle:lifecycle-process:2.1.0] AndroidManifest.xml:27:13-40
48    </application>
49
50</manifest>